<?xml version="1.0" encoding="UTF-8"?>
<!-- Generated by org.testng.reporters.JUnitXMLReporter -->
<testsuite ignored="0" hostname="DESKTOP-O1K5DUQ" failures="0" tests="3" name="Testing" time="36.115" errors="0" timestamp="2020-11-01T18:20:41 CET">
  <testcase classname="GreenFluxAssigment.ControlsTest" name="controls" time="17.62"/>
  <testcase classname="GreenFluxAssigment.LoginTest" name="login" time="9.434"/>
  <testcase classname="GreenFluxAssigment.TablesTest" name="Table" time="8.993"/>
</testsuite> <!-- Testing -->
