<?xml version="1.0" encoding="UTF-8"?>
<testng-results ignored="0" total="3" passed="3" failed="0" skipped="0">
  <reporter-output>
  </reporter-output>
  <suite started-at="2020-11-01T18:20:05 CET" name="Suite" finished-at="2020-11-01T18:20:41 CET" duration-ms="36115">
    <groups>
    </groups>
    <test started-at="2020-11-01T18:20:05 CET" name="Testing" finished-at="2020-11-01T18:20:41 CET" duration-ms="36115">
      <class name="GreenFluxAssigment.LoginTest">
        <test-method signature="login()[pri:0, instance:GreenFluxAssigment.LoginTest@10d68fcd]" started-at="2020-11-01T18:20:23 CET" name="login" finished-at="2020-11-01T18:20:32 CET" duration-ms="9434" status="PASS">
          <reporter-output>
          </reporter-output>
        </test-method> <!-- login -->
        <test-method is-config="true" signature="tearDown()[pri:0, instance:GreenFluxAssigment.LoginTest@10d68fcd]" started-at="2020-11-01T18:20:42 CET" name="tearDown" finished-at="2020-11-01T18:20:43 CET" duration-ms="1555" status="PASS">
          <reporter-output>
          </reporter-output>
        </test-method> <!-- tearDown -->
      </class> <!-- GreenFluxAssigment.LoginTest -->
      <class name="GreenFluxAssigment.ControlsTest">
        <test-method signature="controls()[pri:0, instance:GreenFluxAssigment.ControlsTest@424e1977]" started-at="2020-11-01T18:20:05 CET" name="controls" finished-at="2020-11-01T18:20:23 CET" duration-ms="17620" status="PASS">
          <reporter-output>
          </reporter-output>
        </test-method> <!-- controls -->
        <test-method is-config="true" signature="tearDown()[pri:0, instance:GreenFluxAssigment.ControlsTest@424e1977]" started-at="2020-11-01T18:20:41 CET" name="tearDown" finished-at="2020-11-01T18:20:42 CET" duration-ms="794" status="PASS">
          <reporter-output>
          </reporter-output>
        </test-method> <!-- tearDown -->
      </class> <!-- GreenFluxAssigment.ControlsTest -->
      <class name="GreenFluxAssigment.TablesTest">
        <test-method signature="Table()[pri:0, instance:GreenFluxAssigment.TablesTest@117e949d]" started-at="2020-11-01T18:20:32 CET" name="Table" finished-at="2020-11-01T18:20:41 CET" duration-ms="8993" status="PASS">
          <reporter-output>
          </reporter-output>
        </test-method> <!-- Table -->
        <test-method is-config="true" signature="tearDown()[pri:0, instance:GreenFluxAssigment.TablesTest@117e949d]" started-at="2020-11-01T18:20:43 CET" name="tearDown" finished-at="2020-11-01T18:20:44 CET" duration-ms="1026" status="PASS">
          <reporter-output>
          </reporter-output>
        </test-method> <!-- tearDown -->
      </class> <!-- GreenFluxAssigment.TablesTest -->
    </test> <!-- Testing -->
  </suite> <!-- Suite -->
</testng-results>
