<?xml version="1.0" encoding="UTF-8"?>
<testng-results ignored="0" total="1" passed="1" failed="0" skipped="0">
  <reporter-output>
  </reporter-output>
  <suite started-at="2020-10-31T20:05:59 CET" name="Default suite" finished-at="2020-10-31T20:06:11 CET" duration-ms="11834">
    <groups>
    </groups>
    <test started-at="2020-10-31T20:05:59 CET" name="Default test" finished-at="2020-10-31T20:06:11 CET" duration-ms="11834">
      <class name="GreenFluxAssigment.LoginTest">
        <test-method signature="login()[pri:0, instance:GreenFluxAssigment.LoginTest@6bb2d00b]" started-at="2020-10-31T20:05:59 CET" name="login" finished-at="2020-10-31T20:06:11 CET" duration-ms="11762" status="PASS">
          <reporter-output>
          </reporter-output>
        </test-method> <!-- login -->
        <test-method is-config="true" signature="tearDown()[pri:0, instance:GreenFluxAssigment.LoginTest@6bb2d00b]" started-at="2020-10-31T20:06:11 CET" name="tearDown" finished-at="2020-10-31T20:06:12 CET" duration-ms="827" status="PASS">
          <reporter-output>
          </reporter-output>
        </test-method> <!-- tearDown -->
      </class> <!-- GreenFluxAssigment.LoginTest -->
    </test> <!-- Default test -->
  </suite> <!-- Default suite -->
</testng-results>
